  CKFilter.cpp
c:\users\flanker\onedrive - tongji.edu.cn\ckf\ckfilter\ckfilter.cpp(46): warning C4244: 'initializing': conversion from 'double' to 'int', possible loss of data
c:\users\flanker\onedrive - tongji.edu.cn\ckf\ckfilter\ckfilter.cpp(55): warning C4244: '=': conversion from 'double' to 'float', possible loss of data
c:\users\flanker\onedrive - tongji.edu.cn\ckf\ckfilter\ckfilter.cpp(81): warning C4244: '=': conversion from 'double' to 'float', possible loss of data
c:\users\flanker\onedrive - tongji.edu.cn\ckf\ckfilter\ckfilter.cpp(82): warning C4244: '=': conversion from 'double' to 'float', possible loss of data
c:\users\flanker\onedrive - tongji.edu.cn\ckf\ckfilter\ckfilter.cpp(83): warning C4244: '=': conversion from 'double' to 'float', possible loss of data
c:\users\flanker\onedrive - tongji.edu.cn\ckf\ckfilter\ckfilter.cpp(84): warning C4244: '=': conversion from 'double' to 'float', possible loss of data
c:\users\flanker\onedrive - tongji.edu.cn\ckf\ckfilter\ckfilter.cpp(85): warning C4244: '=': conversion from 'double' to 'float', possible loss of data
c:\users\flanker\onedrive - tongji.edu.cn\ckf\ckfilter\ckfilter.cpp(86): warning C4244: '=': conversion from 'double' to 'float', possible loss of data
c:\users\flanker\onedrive - tongji.edu.cn\ckf\ckfilter\ckfilter.cpp(87): warning C4244: '=': conversion from 'double' to 'float', possible loss of data
c:\users\flanker\onedrive - tongji.edu.cn\ckf\ckfilter\ckfilter.cpp(89): warning C4244: '=': conversion from 'double' to 'float', possible loss of data
c:\users\flanker\onedrive - tongji.edu.cn\ckf\ckfilter\ckfilter.cpp(97): warning C4244: '=': conversion from 'double' to 'float', possible loss of data
c:\users\flanker\onedrive - tongji.edu.cn\ckf\ckfilter\ckfilter.cpp(103): warning C4244: '=': conversion from 'double' to 'float', possible loss of data
c:\users\flanker\onedrive - tongji.edu.cn\ckf\ckfilter\ckfilter.cpp(104): warning C4244: '=': conversion from 'double' to 'float', possible loss of data
c:\users\flanker\onedrive - tongji.edu.cn\ckf\ckfilter\ckfilter.cpp(105): warning C4244: '=': conversion from 'double' to 'float', possible loss of data
c:\users\flanker\onedrive - tongji.edu.cn\ckf\ckfilter\ckfilter.cpp(106): warning C4244: '=': conversion from 'double' to 'float', possible loss of data
c:\users\flanker\onedrive - tongji.edu.cn\ckf\ckfilter\ckfilter.cpp(107): warning C4244: '=': conversion from 'double' to 'float', possible loss of data
c:\users\flanker\onedrive - tongji.edu.cn\ckf\ckfilter\ckfilter.cpp(108): warning C4244: '=': conversion from 'double' to 'float', possible loss of data
c:\users\flanker\onedrive - tongji.edu.cn\ckf\ckfilter\ckfilter.cpp(109): warning C4244: '=': conversion from 'double' to 'float', possible loss of data
c:\users\flanker\onedrive - tongji.edu.cn\ckf\ckfilter\ckfilter.cpp(135): warning C4305: 'initializing': truncation from 'double' to 'float'
c:\users\flanker\onedrive - tongji.edu.cn\ckf\ckfilter\ckfilter.cpp(136): warning C4305: 'initializing': truncation from 'double' to 'float'
c:\users\flanker\onedrive - tongji.edu.cn\ckf\ckfilter\ckfilter.cpp(302): warning C4244: '=': conversion from 'double' to 'float', possible loss of data
c:\users\flanker\onedrive - tongji.edu.cn\ckf\ckfilter\ckfilter.cpp(303): warning C4244: '=': conversion from 'double' to 'float', possible loss of data
c:\users\flanker\onedrive - tongji.edu.cn\ckf\ckfilter\ckfilter.cpp(304): warning C4244: '=': conversion from 'double' to 'float', possible loss of data
c:\users\flanker\onedrive - tongji.edu.cn\ckf\ckfilter\ckfilter.cpp(307): warning C4244: '=': conversion from 'double' to 'float', possible loss of data
c:\users\flanker\onedrive - tongji.edu.cn\ckf\ckfilter\ckfilter.cpp(308): warning C4244: '=': conversion from 'double' to 'float', possible loss of data
  CKFilter.vcxproj -> C:\Users\Flanker\OneDrive - tongji.edu.cn\CKF\CKFilter\Debug\CKFilter.exe
